2015-09-09 16:21:29,883 [myid:] - INFO  [main:QuorumPeerConfig@103] - Reading configuration from: /opt/zookeeper-3.4.6/bin/../conf/zoo.cfg
2015-09-09 16:21:29,914 [myid:] - INFO  [main:DatadirCleanupManager@78] - autopurge.snapRetainCount set to 3
2015-09-09 16:21:29,914 [myid:] - INFO  [main:DatadirCleanupManager@79] - autopurge.purgeInterval set to 0
2015-09-09 16:21:29,914 [myid:] - INFO  [main:DatadirCleanupManager@101] - Purge task is not scheduled.
2015-09-09 16:21:29,914 [myid:] - WARN  [main:QuorumPeerMain@113] - Either no config or no quorum defined in config, running  in standalone mode
2015-09-09 16:21:29,928 [myid:] - INFO  [main:QuorumPeerConfig@103] - Reading configuration from: /opt/zookeeper-3.4.6/bin/../conf/zoo.cfg
2015-09-09 16:21:29,928 [myid:] - INFO  [main:ZooKeeperServerMain@95] - Starting server
2015-09-09 16:21:29,936 [myid:] - INFO  [main:Environment@100] - Server environment:zookeeper.version=3.4.6-1569965, built on 02/20/2014 09:09 GMT
2015-09-09 16:21:29,936 [myid:] - INFO  [main:Environment@100] - Server environment:host.name=patriks-mbp.sto.mediacommand.net
2015-09-09 16:21:29,937 [myid:] - INFO  [main:Environment@100] - Server environment:java.version=1.8.0_45
2015-09-09 16:21:29,937 [myid:] - INFO  [main:Environment@100] - Server environment:java.vendor=Oracle Corporation
2015-09-09 16:21:29,937 [myid:] - INFO  [main:Environment@100] - Server environment:java.home=/Library/Java/JavaVirtualMachines/jdk1.8.0_45.jdk/Contents/Home/jre
2015-09-09 16:21:29,937 [myid:] - INFO  [main:Environment@100] - Server environment:java.class.path=/opt/zookeeper-3.4.6/bin/../build/classes:/opt/zookeeper-3.4.6/bin/../build/lib/*.jar:/opt/zookeeper-3.4.6/bin/../lib/slf4j-log4j12-1.6.1.jar:/opt/zookeeper-3.4.6/bin/../lib/slf4j-api-1.6.1.jar:/opt/zookeeper-3.4.6/bin/../lib/netty-3.7.0.Final.jar:/opt/zookeeper-3.4.6/bin/../lib/log4j-1.2.16.jar:/opt/zookeeper-3.4.6/bin/../lib/jline-0.9.94.jar:/opt/zookeeper-3.4.6/bin/../zookeeper-3.4.6.jar:/opt/zookeeper-3.4.6/bin/../src/java/lib/*.jar:/opt/zookeeper-3.4.6/bin/../conf:
2015-09-09 16:21:29,937 [myid:] - INFO  [main:Environment@100] - Server environment:java.library.path=/Users/patno/Library/Java/Extensions:/Library/Java/Extensions:/Network/Library/Java/Extensions:/System/Library/Java/Extensions:/usr/lib/java:.
2015-09-09 16:21:29,937 [myid:] - INFO  [main:Environment@100] - Server environment:java.io.tmpdir=/var/folders/x0/r5gslbtd34n0x8_5k6h4rfc80000gn/T/
2015-09-09 16:21:29,937 [myid:] - INFO  [main:Environment@100] - Server environment:java.compiler=<NA>
2015-09-09 16:21:29,939 [myid:] - INFO  [main:Environment@100] - Server environment:os.name=Mac OS X
2015-09-09 16:21:29,939 [myid:] - INFO  [main:Environment@100] - Server environment:os.arch=x86_64
2015-09-09 16:21:29,939 [myid:] - INFO  [main:Environment@100] - Server environment:os.version=10.10.5
2015-09-09 16:21:29,939 [myid:] - INFO  [main:Environment@100] - Server environment:user.name=patno
2015-09-09 16:21:29,939 [myid:] - INFO  [main:Environment@100] - Server environment:user.home=/Users/patno
2015-09-09 16:21:29,939 [myid:] - INFO  [main:Environment@100] - Server environment:user.dir=/opt/zookeeper-3.4.6
2015-09-09 16:21:29,944 [myid:] - INFO  [main:ZooKeeperServer@755] - tickTime set to 3000
2015-09-09 16:21:29,944 [myid:] - INFO  [main:ZooKeeperServer@764] - minSessionTimeout set to -1
2015-09-09 16:21:29,944 [myid:] - INFO  [main:ZooKeeperServer@773] - maxSessionTimeout set to -1
2015-09-09 16:21:29,963 [myid:] - INFO  [main:NIOServerCnxnFactory@94] - binding to port 0.0.0.0/0.0.0.0:2181
